-------------------------------------------------------------------------------
Test set: utils.DeUTests
-------------------------------------------------------------------------------
Tests run: 1, Failures: 1, Errors: 0, Skipped: 0, Time elapsed: 1.25 s <<< FAILURE! - in utils.DeUTests
LanceDe6faces  Time elapsed: 1.172 s  <<< FAILURE!
java.lang.AssertionError: 

Expecting actual:
  6
to be between:
  [1, 5]

	at utils.DeUTests.LanceDe6faces(DeUTests.java:17)

